<?xml version="1.0" encoding="UTF-8"?>
<!-- Generated by org.testng.reporters.JUnitReportReporter -->
<testsuite hostname="SKP-L3190" name="tests.SauceDemoLoginTest" tests="1" failures="0" timestamp="8 Sep 2022 22:31:01 GMT" time="9.237" errors="0">
  <testcase name="sauceDemoLogin" time="9.237" classname="tests.SauceDemoLoginTest"/>
</testsuite> <!-- tests.SauceDemoLoginTest -->
